18-Apr-2024 23:35:48.316 INFO [main] org.apache.catalina.startup.VersionLoggerListener.log Server version name:   Apache Tomcat/10.1.20
18-Apr-2024 23:35:48.324 INFO [main] org.apache.catalina.startup.VersionLoggerListener.log Server built:          Mar 19 2024 12:49:58 UTC
18-Apr-2024 23:35:48.325 INFO [main] org.apache.catalina.startup.VersionLoggerListener.log Server version number: 10.1.20.0
18-Apr-2024 23:35:48.325 INFO [main] org.apache.catalina.startup.VersionLoggerListener.log OS Name:               Windows 11
18-Apr-2024 23:35:48.326 INFO [main] org.apache.catalina.startup.VersionLoggerListener.log OS Version:            10.0
18-Apr-2024 23:35:48.326 INFO [main] org.apache.catalina.startup.VersionLoggerListener.log Architecture:          amd64
18-Apr-2024 23:35:48.326 INFO [main] org.apache.catalina.startup.VersionLoggerListener.log Java Home:             C:\Users\Help\.jdks\openjdk-22
18-Apr-2024 23:35:48.326 INFO [main] org.apache.catalina.startup.VersionLoggerListener.log JVM Version:           22+36-2370
18-Apr-2024 23:35:48.326 INFO [main] org.apache.catalina.startup.VersionLoggerListener.log JVM Vendor:            Oracle Corporation
18-Apr-2024 23:35:48.328 INFO [main] org.apache.catalina.startup.VersionLoggerListener.log CATALINA_BASE:         Z:\JavaProject2024\Program3
18-Apr-2024 23:35:48.328 INFO [main] org.apache.catalina.startup.VersionLoggerListener.log CATALINA_HOME:         C:\Users\Help\Downloads\apache-tomcat-10.1.20-windows-x64\apache-tomcat-10.1.20
18-Apr-2024 23:35:48.353 INFO [main] org.apache.catalina.startup.VersionLoggerListener.log Command line argument: --add-opens=java.base/java.lang=ALL-UNNAMED
18-Apr-2024 23:35:48.354 INFO [main] org.apache.catalina.startup.VersionLoggerListener.log Command line argument: --add-opens=java.base/java.io=ALL-UNNAMED
18-Apr-2024 23:35:48.354 INFO [main] org.apache.catalina.startup.VersionLoggerListener.log Command line argument: --add-opens=java.base/java.util=ALL-UNNAMED
18-Apr-2024 23:35:48.355 INFO [main] org.apache.catalina.startup.VersionLoggerListener.log Command line argument: --add-opens=java.base/java.util.concurrent=ALL-UNNAMED
18-Apr-2024 23:35:48.355 INFO [main] org.apache.catalina.startup.VersionLoggerListener.log Command line argument: --add-opens=java.rmi/sun.rmi.transport=ALL-UNNAMED
18-Apr-2024 23:35:48.355 INFO [main] org.apache.catalina.startup.VersionLoggerListener.log Command line argument: -Dcatalina.home=C:\Users\Help\Downloads\apache-tomcat-10.1.20-windows-x64\apache-tomcat-10.1.20
18-Apr-2024 23:35:48.355 INFO [main] org.apache.catalina.startup.VersionLoggerListener.log Command line argument: -Dcatalina.base=Z:\JavaProject2024\Program3
18-Apr-2024 23:35:48.356 INFO [main] org.apache.catalina.startup.VersionLoggerListener.log Command line argument: -Djava.io.tmpdir=Z:\JavaProject2024\Program3\temp
18-Apr-2024 23:35:48.356 INFO [main] org.apache.catalina.startup.VersionLoggerListener.log Command line argument: -Djava.util.logging.config.file=Z:\JavaProject2024\Program3\conf\logging.properties
18-Apr-2024 23:35:48.356 INFO [main] org.apache.catalina.startup.VersionLoggerListener.log Command line argument: -Djava.util.logging.manager=org.apache.juli.ClassLoaderLogManager
18-Apr-2024 23:35:48.357 INFO [main] org.apache.catalina.startup.VersionLoggerListener.log Command line argument: -javaagent:C:\Program Files\JetBrains\IntelliJ IDEA Community Edition 2022.1.1\lib\idea_rt.jar=62190:C:\Program Files\JetBrains\IntelliJ IDEA Community Edition 2022.1.1\bin
18-Apr-2024 23:35:48.357 INFO [main] org.apache.catalina.startup.VersionLoggerListener.log Command line argument: -Dfile.encoding=UTF-8
18-Apr-2024 23:35:48.363 INFO [main] org.apache.catalina.core.AprLifecycleListener.lifecycleEvent Loaded Apache Tomcat Native library [2.0.7] using APR version [1.7.4].
18-Apr-2024 23:35:48.380 INFO [main] org.apache.catalina.core.AprLifecycleListener.initializeSSL OpenSSL successfully initialized [OpenSSL 3.0.13 30 Jan 2024]
18-Apr-2024 23:35:49.115 INFO [main] org.apache.coyote.AbstractProtocol.init Initializing ProtocolHandler ["http-nio-8080"]
18-Apr-2024 23:35:49.181 INFO [main] org.apache.catalina.startup.Catalina.load Server initialization in [1444] milliseconds
18-Apr-2024 23:35:49.314 INFO [main] org.apache.catalina.core.StandardService.startInternal Starting service [Catalina]
18-Apr-2024 23:35:49.315 INFO [main] org.apache.catalina.core.StandardEngine.startInternal Starting Servlet engine: [Apache Tomcat/10.1.20]
18-Apr-2024 23:35:49.353 INFO [main] org.apache.catalina.startup.HostConfig.deployDescriptor Deploying deployment descriptor [Z:\JavaProject2024\Program3\conf\Catalina\localhost\ROOT.xml]
18-Apr-2024 23:35:54.799 INFO [main] org.apache.jasper.servlet.TldScanner.scanJars At least one JAR was scanned for TLDs yet contained no TLDs. Enable debug logging for this logger for a complete list of JARs that were scanned but no TLDs were found in them. Skipping unneeded JARs during scanning can improve startup time and JSP compilation time.
18-Apr-2024 23:35:55.045 INFO [main] org.apache.catalina.startup.HostConfig.deployDescriptor Deployment of deployment descriptor [Z:\JavaProject2024\Program3\conf\Catalina\localhost\ROOT.xml] has finished in [5.687] ms
18-Apr-2024 23:35:55.053 INFO [main] org.apache.coyote.AbstractProtocol.start Starting ProtocolHandler ["http-nio-8080"]
18-Apr-2024 23:35:55.096 INFO [main] org.apache.catalina.startup.Catalina.start Server startup in [5913] milliseconds
18-Apr-2024 23:36:20.192 INFO [Thread-1] org.apache.coyote.AbstractProtocol.pause Pausing ProtocolHandler ["http-nio-8080"]
18-Apr-2024 23:36:20.205 INFO [Thread-1] org.apache.catalina.core.StandardService.stopInternal Stopping service [Catalina]
18-Apr-2024 23:36:20.244 INFO [Thread-1] org.apache.coyote.AbstractProtocol.stop Stopping ProtocolHandler ["http-nio-8080"]
18-Apr-2024 23:36:20.262 INFO [Thread-1] org.apache.coyote.AbstractProtocol.destroy Destroying ProtocolHandler ["http-nio-8080"]
